<?xml version="1.0" encoding="UTF-8"?>
<testsuite xmlns:xsi="http://www.w3.org/2001/XMLSchema-instance" xsi:noNamespaceSchemaLocation="https://maven.apache.org/surefire/maven-surefire-plugin/xsd/surefire-test-report.xsd" version="3.0.2" name="com.tourist.microservices.product.ProductServiceApplicationTests" time="1.86" tests="2" errors="0" skipped="0" failures="0" flakes="0">
  <properties>
[...]
</properties>
  <testcase name="shouldCreateProduct" classname="com.tourist.microservices.product.ProductServiceApplicationTests" time="0.346">
    <system-out><![CDATA[14:17:26.390 [main] INFO org.springframework.test.context.support.AnnotationConfigContextLoaderUtils -- Could not detect default configuration classes for test class [com.tourist.microservices.product.ProductServiceApplicationTests]: ProductServiceApplicationTests does not declare any static, non-private, non-final, nested classes annotated with @Configuration.
14:17:26.431 [main] INFO org.springframework.boot.test.context.SpringBootTestContextBootstrapper -- Found @SpringBootConfiguration com.tourist.microservices.product.ProductServiceApplication for test class com.tourist.microservices.product.ProductServiceApplicationTests
14:17:26.455 [main] INFO org.springframework.test.context.support.AnnotationConfigContextLoaderUtils -- Could not detect default configuration classes for test class [com.tourist.microservices.product.ProductServiceApplicationTests]: ProductServiceApplicationTests does not declare any static, non-private, non-final, nested classes annotated with @Configuration.
14:17:26.457 [main] INFO org.springframework.boot.test.context.SpringBootTestContextBootstrapper -- Found @SpringBootConfiguration com.tourist.microservices.product.ProductServiceApplication for test class com.tourist.microservices.product.ProductServiceApplicationTests

  .   ____          _            __ _ _
 /\\ / ___'_ __ _ _(_)_ __  __ _ \ \ \ \
( ( )\___ | '_ | '_| | '_ \/ _` | \ \ \ \
 \\/  ___)| |_)| | | | | || (_| |  ) ) ) )
  '  |____| .__|_| |_|_| |_\__, | / / / /
 =========|_|==============|___/=/_/_/_/

&amp#27;[32m :: Spring Boot :: &amp#27;[39m              &amp#27;[2m (v4.0.6)&amp#27;[0;39m

&amp#27;[2m2026-05-03T14:17:26.561+05:30&amp#27;[0;39m &amp#27;[32m INFO&amp#27;[0;39m &amp#27;[35m11805&amp#27;[0;39m &amp#27;[2m--- [product-service] [           main] &amp#27;[0;39m&amp#27;[36mc.t.m.p.ProductServiceApplicationTests  &amp#27;[0;39m &amp#27;[2m:&amp#27;[0;39m Starting ProductServiceApplicationTests using Java 25.0.3 with PID 11805 (started by kaneki in /Users/kaneki/Documents/inventory-system/product-service)
&amp#27;[2m2026-05-03T14:17:26.562+05:30&amp#27;[0;39m &amp#27;[32mDEBUG&amp#27;[0;39m &amp#27;[35m11805&amp#27;[0;39m &amp#27;[2m--- [product-service] [           main] &amp#27;[0;39m&amp#27;[36mc.t.m.p.ProductServiceApplicationTests  &amp#27;[0;39m &amp#27;[2m:&amp#27;[0;39m Running with Spring Boot v4.0.6, Spring v7.0.7
&amp#27;[2m2026-05-03T14:17:26.562+05:30&amp#27;[0;39m &amp#27;[32m INFO&amp#27;[0;39m &amp#27;[35m11805&amp#27;[0;39m &amp#27;[2m--- [product-service] [           main] &amp#27;[0;39m&amp#27;[36mc.t.m.p.ProductServiceApplicationTests  &amp#27;[0;39m &amp#27;[2m:&amp#27;[0;39m No active profile set, falling back to 1 default profile: "default"
&amp#27;[2m2026-05-03T14:17:27.833+05:30&amp#27;[0;39m &amp#27;[32m INFO&amp#27;[0;39m &amp#27;[35m11805&amp#27;[0;39m &amp#27;[2m--- [product-service] [           main] &amp#27;[0;39m&amp#27;[36mc.t.m.p.ProductServiceApplicationTests  &amp#27;[0;39m &amp#27;[2m:&amp#27;[0;39m Started ProductServiceApplicationTests in 1.356 seconds (process running for 1.77)
]]></system-out>
    <system-err><![CDATA[Mockito is currently self-attaching to enable the inline-mock-maker. This will no longer work in future releases of the JDK. Please add Mockito as an agent to your build as described in Mockito's documentation: https://javadoc.io/doc/org.mockito/mockito-core/latest/org.mockito/org/mockito/Mockito.html#0.3
WARNING: A Java agent has been loaded dynamically (/Users/kaneki/.m2/repository/net/bytebuddy/byte-buddy-agent/1.17.8/byte-buddy-agent-1.17.8.jar)
WARNING: If a serviceability tool is in use, please run with -XX:+EnableDynamicAgentLoading to hide this warning
WARNING: If a serviceability tool is not in use, please run with -Djdk.instrument.traceUsage for more information
WARNING: Dynamic loading of agents will be disallowed by default in a future release
]]></system-err>
  </testcase>
  <testcase name="contextLoads" classname="com.tourist.microservices.product.ProductServiceApplicationTests" time="0.002"/>
</testsuite>